Determining if the pthread_create exist failed with the following output:
Change Dir: /v/filer4b/v38q001/kaleb/teddy/europa/build/CMakeFiles/CMakeTmp

Run Build Command:/usr/bin/make "cmTryCompileExec4034325761/fast"
/usr/bin/make -f CMakeFiles/cmTryCompileExec4034325761.dir/build.make CMakeFiles/cmTryCompileExec4034325761.dir/build
make[1]: Entering directory `/v/filer4b/v38q001/kaleb/teddy/europa/build/CMakeFiles/CMakeTmp'
/usr/bin/cmake -E cmake_progress_report /v/filer4b/v38q001/kaleb/teddy/europa/build/CMakeFiles/CMakeTmp/CMakeFiles 1
Building C object CMakeFiles/cmTryCompileExec4034325761.dir/CheckSymbolExists.c.o
/usr/bin/cc    -o CMakeFiles/cmTryCompileExec4034325761.dir/CheckSymbolExists.c.o   -c /v/filer4b/v38q001/kaleb/teddy/europa/build/CMakeFiles/CMakeTmp/CheckSymbolExists.c
Linking C executable cmTryCompileExec4034325761
/usr/bin/cmake -E cmake_link_script CMakeFiles/cmTryCompileExec4034325761.dir/link.txt --verbose=1
/usr/bin/cc       CMakeFiles/cmTryCompileExec4034325761.dir/CheckSymbolExists.c.o  -o cmTryCompileExec4034325761 -rdynamic 
CMakeFiles/cmTryCompileExec4034325761.dir/CheckSymbolExists.c.o: In function `main':
CheckSymbolExists.c:(.text+0x16): undefined reference to `pthread_create'
collect2: error: ld returned 1 exit status
make[1]: *** [cmTryCompileExec4034325761] Error 1
make[1]: Leaving directory `/v/filer4b/v38q001/kaleb/teddy/europa/build/CMakeFiles/CMakeTmp'
make: *** [cmTryCompileExec4034325761/fast] Error 2

File /v/filer4b/v38q001/kaleb/teddy/europa/build/CMakeFiles/CMakeTmp/CheckSymbolExists.c:
/* */
#include <pthread.h>

int main(int argc, char** argv)
{
  (void)argv;
#ifndef pthread_create
  return ((int*)(&pthread_create))[argc];
#else
  (void)argc;
  return 0;
#endif
}

Determining if the function pthread_create exists in the pthreads failed with the following output:
Change Dir: /v/filer4b/v38q001/kaleb/teddy/europa/build/CMakeFiles/CMakeTmp

Run Build Command:/usr/bin/make "cmTryCompileExec1395093158/fast"
/usr/bin/make -f CMakeFiles/cmTryCompileExec1395093158.dir/build.make CMakeFiles/cmTryCompileExec1395093158.dir/build
make[1]: Entering directory `/v/filer4b/v38q001/kaleb/teddy/europa/build/CMakeFiles/CMakeTmp'
/usr/bin/cmake -E cmake_progress_report /v/filer4b/v38q001/kaleb/teddy/europa/build/CMakeFiles/CMakeTmp/CMakeFiles 1
Building C object CMakeFiles/cmTryCompileExec1395093158.dir/CheckFunctionExists.c.o
/usr/bin/cc   -DCHECK_FUNCTION_EXISTS=pthread_create   -o CMakeFiles/cmTryCompileExec1395093158.dir/CheckFunctionExists.c.o   -c /usr/share/cmake-2.8/Modules/CheckFunctionExists.c
Linking C executable cmTryCompileExec1395093158
/usr/bin/cmake -E cmake_link_script CMakeFiles/cmTryCompileExec1395093158.dir/link.txt --verbose=1
/usr/bin/cc   -DCHECK_FUNCTION_EXISTS=pthread_create    CMakeFiles/cmTryCompileExec1395093158.dir/CheckFunctionExists.c.o  -o cmTryCompileExec1395093158 -rdynamic -lpthreads 
/usr/bin/ld: cannot find -lpthreads
collect2: error: ld returned 1 exit status
make[1]: *** [cmTryCompileExec1395093158] Error 1
make[1]: Leaving directory `/v/filer4b/v38q001/kaleb/teddy/europa/build/CMakeFiles/CMakeTmp'
make: *** [cmTryCompileExec1395093158/fast] Error 2


